# JRE version: Java(TM) SE Runtime Environment (8.0_461) (build 1.8.0_461-b11)
# Java VM: Java HotSpot(TM) 64-Bit Server VM (25.461-b11 mixed mode windows-amd64 compressed oops)
Heap:
 PSYoungGen      total 1868800K, used 878052K [0x0000000715580000, 0x000000078f080000, 0x00000007c0000000)
  eden space 1795072K, 48% used [0x0000000715580000,0x000000074a23ae98,0x0000000782e80000)
  from space 73728K, 17% used [0x000000078a880000,0x000000078b53e240,0x000000078f080000)
  to   space 99328K, 0% used [0x0000000782e80000,0x0000000782e80000,0x0000000788f80000)
 ParOldGen       total 361984K, used 178286K [0x00000005c0000000, 0x00000005d6180000, 0x0000000715580000)
  object space 361984K, 49% used [0x00000005c0000000,0x00000005cae1b888,0x00000005d6180000)
 Metaspace       used 151389K, capacity 162910K, committed 163112K, reserved 1191936K
  class space    used 19655K, capacity 21493K, committed 21544K, reserved 1048576K
GC Heap History (10 events):
Event: 103.036 GC heap before
{Heap before GC invocations=38 (full 4):
 PSYoungGen      total 1528320K, used 1477973K [0x0000000715580000, 0x0000000785380000, 0x00000007c0000000)
  eden space 1425408K, 100% used [0x0000000715580000,0x000000076c580000,0x000000076c580000)
  from space 102912K, 51% used [0x000000076c580000,0x000000076f8d5608,0x0000000772a00000)
  to   space 100864K, 0% used [0x000000077f100000,0x000000077f100000,0x0000000785380000)
 ParOldGen       total 361984K, used 129406K [0x00000005c0000000, 0x00000005d6180000, 0x0000000715580000)
  object space 361984K, 35% used [0x00000005c0000000,0x00000005c7e5f988,0x00000005d6180000)
 Metaspace       used 134066K, capacity 143112K, committed 143272K, reserved 1173504K
  class space    used 17288K, capacity 18761K, committed 18856K, reserved 1048576K
Event: 103.120 GC heap after
Heap after GC invocations=38 (full 4):
 PSYoungGen      total 1713664K, used 7732K [0x0000000715580000, 0x0000000784b00000, 0x00000007c0000000)
  eden space 1621504K, 0% used [0x0000000715580000,0x0000000715580000,0x0000000778500000)
  from space 92160K, 8% used [0x000000077f100000,0x000000077f88d220,0x0000000784b00000)
  to   space 101376K, 0% used [0x0000000778500000,0x0000000778500000,0x000000077e800000)
 ParOldGen       total 361984K, used 175297K [0x00000005c0000000, 0x00000005d6180000, 0x0000000715580000)
  object space 361984K, 48% used [0x00000005c0000000,0x00000005cab30678,0x00000005d6180000)
 Metaspace       used 134066K, capacity 143112K, committed 143272K, reserved 1173504K
  class space    used 17288K, capacity 18761K, committed 18856K, reserved 1048576K
}
Event: 105.881 GC heap before
{Heap before GC invocations=39 (full 4):
 PSYoungGen      total 1713664K, used 1629236K [0x0000000715580000, 0x0000000784b00000, 0x00000007c0000000)
  eden space 1621504K, 100% used [0x0000000715580000,0x0000000778500000,0x0000000778500000)
  from space 92160K, 8% used [0x000000077f100000,0x000000077f88d220,0x0000000784b00000)
  to   space 101376K, 0% used [0x0000000778500000,0x0000000778500000,0x000000077e800000)
 ParOldGen       total 361984K, used 175297K [0x00000005c0000000, 0x00000005d6180000, 0x0000000715580000)
  object space 361984K, 48% used [0x00000005c0000000,0x00000005cab30678,0x00000005d6180000)
 Metaspace       used 134066K, capacity 143112K, committed 143272K, reserved 1173504K
  class space    used 17288K, capacity 18761K, committed 18856K, reserved 1048576K
Event: 105.894 GC heap after
Heap after GC invocations=39 (full 4):
 PSYoungGen      total 1722880K, used 7886K [0x0000000715580000, 0x0000000790b00000, 0x00000007c0000000)
  eden space 1621504K, 0% used [0x0000000715580000,0x0000000715580000,0x0000000778500000)
  from space 101376K, 7% used [0x0000000778500000,0x0000000778cb3b18,0x000000077e800000)
  to   space 100864K, 0% used [0x000000078a880000,0x000000078a880000,0x0000000790b00000)
 ParOldGen       total 361984K, used 177030K [0x00000005c0000000, 0x00000005d6180000, 0x0000000715580000)
  object space 361984K, 48% used [0x00000005c0000000,0x00000005cace1888,0x00000005d6180000)
 Metaspace       used 134066K, capacity 143112K, committed 143272K, reserved 1173504K
  class space    used 17288K, capacity 18761K, committed 18856K, reserved 1048576K
}
Event: 108.658 GC heap before
{Heap before GC invocations=40 (full 4):
 PSYoungGen      total 1722880K, used 1629390K [0x0000000715580000, 0x0000000790b00000, 0x00000007c0000000)
  eden space 1621504K, 100% used [0x0000000715580000,0x0000000778500000,0x0000000778500000)
  from space 101376K, 7% used [0x0000000778500000,0x0000000778cb3b18,0x000000077e800000)
  to   space 100864K, 0% used [0x000000078a880000,0x000000078a880000,0x0000000790b00000)
 ParOldGen       total 361984K, used 177030K [0x00000005c0000000, 0x00000005d6180000, 0x0000000715580000)
  object space 361984K, 48% used [0x00000005c0000000,0x00000005cace1888,0x00000005d6180000)
 Metaspace       used 134067K, capacity 143112K, committed 143272K, reserved 1173504K
  class space    used 17288K, capacity 18761K, committed 18856K, reserved 1048576K
Event: 108.671 GC heap after
Heap after GC invocations=40 (full 4):
 PSYoungGen      total 1868800K, used 9080K [0x0000000715580000, 0x000000078f080000, 0x00000007c0000000)
  eden space 1795072K, 0% used [0x0000000715580000,0x0000000715580000,0x0000000782e80000)
  from space 73728K, 12% used [0x000000078a880000,0x000000078b15e378,0x000000078f080000)
  to   space 99328K, 0% used [0x0000000782e80000,0x0000000782e80000,0x0000000788f80000)
 ParOldGen       total 361984K, used 178270K [0x00000005c0000000, 0x00000005d6180000, 0x0000000715580000)
  object space 361984K, 49% used [0x00000005c0000000,0x00000005cae17888,0x00000005d6180000)
 Metaspace       used 134067K, capacity 143112K, committed 143272K, reserved 1173504K
  class space    used 17288K, capacity 18761K, committed 18856K, reserved 1048576K
}
Event: 121.844 GC heap before
{Heap before GC invocations=41 (full 4):
 PSYoungGen      total 1868800K, used 1804152K [0x0000000715580000, 0x000000078f080000, 0x00000007c0000000)
  eden space 1795072K, 100% used [0x0000000715580000,0x0000000782e80000,0x0000000782e80000)
  from space 73728K, 12% used [0x000000078a880000,0x000000078b15e378,0x000000078f080000)
  to   space 99328K, 0% used [0x0000000782e80000,0x0000000782e80000,0x0000000788f80000)
 ParOldGen       total 361984K, used 178270K [0x00000005c0000000, 0x00000005d6180000, 0x0000000715580000)
  object space 361984K, 49% used [0x00000005c0000000,0x00000005cae17888,0x00000005d6180000)
 Metaspace       used 144399K, capacity 154678K, committed 155048K, reserved 1183744K
  class space    used 18890K, capacity 20516K, committed 20648K, reserved 1048576K
Event: 121.890 GC heap after
Heap after GC invocations=41 (full 4):
 PSYoungGen      total 1894400K, used 22611K [0x0000000715580000, 0x000000078f080000, 0x00000007c0000000)
  eden space 1795072K, 0% used [0x0000000715580000,0x0000000715580000,0x0000000782e80000)
  from space 99328K, 22% used [0x0000000782e80000,0x0000000784494c30,0x0000000788f80000)
  to   space 73728K, 0% used [0x000000078a880000,0x000000078a880000,0x000000078f080000)
 ParOldGen       total 361984K, used 178278K [0x00000005c0000000, 0x00000005d6180000, 0x0000000715580000)
  object space 361984K, 49% used [0x00000005c0000000,0x00000005cae19888,0x00000005d6180000)
 Metaspace       used 144399K, capacity 154678K, committed 155048K, reserved 1183744K
  class space    used 18890K, capacity 20516K, committed 20648K, reserved 1048576K
}
Event: 134.598 GC heap before
{Heap before GC invocations=42 (full 4):
 PSYoungGen      total 1894400K, used 1817683K [0x0000000715580000, 0x000000078f080000, 0x00000007c0000000)
  eden space 1795072K, 100% used [0x0000000715580000,0x0000000782e80000,0x0000000782e80000)
  from space 99328K, 22% used [0x0000000782e80000,0x0000000784494c30,0x0000000788f80000)
  to   space 73728K, 0% used [0x000000078a880000,0x000000078a880000,0x000000078f080000)
 ParOldGen       total 361984K, used 178278K [0x00000005c0000000, 0x00000005d6180000, 0x0000000715580000)
  object space 361984K, 49% used [0x00000005c0000000,0x00000005cae19888,0x00000005d6180000)
 Metaspace       used 145889K, capacity 156168K, committed 156328K, reserved 1185792K
  class space    used 19001K, capacity 20619K, committed 20648K, reserved 1048576K
Event: 134.617 GC heap after
Heap after GC invocations=42 (full 4):
 PSYoungGen      total 1868800K, used 13048K [0x0000000715580000, 0x000000078f080000, 0x00000007c0000000)
  eden space 1795072K, 0% used [0x0000000715580000,0x0000000715580000,0x0000000782e80000)
  from space 73728K, 17% used [0x000000078a880000,0x000000078b53e240,0x000000078f080000)
  to   space 99328K, 0% used [0x0000000782e80000,0x0000000782e80000,0x0000000788f80000)
 ParOldGen       total 361984K, used 178286K [0x00000005c0000000, 0x00000005d6180000, 0x0000000715580000)
  object space 361984K, 49% used [0x00000005c0000000,0x00000005cae1b888,0x00000005d6180000)
 Metaspace       used 145889K, capacity 156168K, committed 156328K, reserved 1185792K
  class space    used 19001K, capacity 20619K, committed 20648K, reserved 1048576K
}

