# JRE version: OpenJDK Runtime Environment Temurin-21.0.10+7 (21.0.10+7) (build 21.0.10+7-LTS)
# Java VM: OpenJDK 64-Bit Server VM Temurin-21.0.10+7 (21.0.10+7-LTS, mixed mode, sharing, tiered, compressed oops, compressed class ptrs, parallel gc, windows-amd64)
GC Precious Log:
 CardTable entry size: 512
 CPUs: 16 total, 16 available
 Memory: 16016M
 Large Page Support: Disabled
 NUMA Support: Disabled
 Compressed Oops: Enabled (32-bit)
 Alignments: Space 512K, Generation 512K, Heap 2M
 Heap Min Capacity: 100M
 Heap Initial Capacity: 100M
 Heap Max Capacity: 2G
 Pre-touch: Disabled
 Parallel Workers: 13
Heap:
 PSYoungGen      total 21504K, used 1273K [0x00000000d5580000, 0x00000000d6d00000, 0x0000000100000000)
  eden space 20992K, 3% used [0x00000000d5580000,0x00000000d5646690,0x00000000d6a00000)
  from space 512K, 93% used [0x00000000d6c00000,0x00000000d6c78010,0x00000000d6c80000)
  to   space 512K, 0% used [0x00000000d6c80000,0x00000000d6c80000,0x00000000d6d00000)
 ParOldGen       total 68608K, used 46687K [0x0000000080000000, 0x0000000084300000, 0x00000000d5580000)
  object space 68608K, 68% used [0x0000000080000000,0x0000000082d97d90,0x0000000084300000)
 Metaspace       used 70611K, committed 72064K, reserved 1114112K
  class space    used 8811K, committed 9472K, reserved 1048576K
GC Heap History (20 events):
Event: 99.297 GC heap before
{Heap before GC invocations=66 (full 3):
 PSYoungGen      total 21504K, used 21503K [0x00000000d5580000, 0x00000000d6e80000, 0x0000000100000000)
  eden space 20992K, 100% used [0x00000000d5580000,0x00000000d6a00000,0x00000000d6a00000)
  from space 512K, 99% used [0x00000000d6e00000,0x00000000d6e7fe88,0x00000000d6e80000)
  to   space 1024K, 0% used [0x00000000d6c80000,0x00000000d6c80000,0x00000000d6d80000)
 ParOldGen       total 68608K, used 43660K [0x0000000080000000, 0x0000000084300000, 0x00000000d5580000)
  object space 68608K, 63% used [0x0000000080000000,0x0000000082aa3138,0x0000000084300000)
 Metaspace       used 66374K, committed 67648K, reserved 1114112K
  class space    used 8249K, committed 8768K, reserved 1048576K
}
Event: 99.298 GC heap after
{Heap after GC invocations=66 (full 3):
 PSYoungGen      total 22016K, used 1020K [0x00000000d5580000, 0x00000000d6e80000, 0x0000000100000000)
  eden space 20992K, 0% used [0x00000000d5580000,0x00000000d5580000,0x00000000d6a00000)
  from space 1024K, 99% used [0x00000000d6c80000,0x00000000d6d7f350,0x00000000d6d80000)
  to   space 1024K, 0% used [0x00000000d6d80000,0x00000000d6d80000,0x00000000d6e80000)
 ParOldGen       total 68608K, used 43927K [0x0000000080000000, 0x0000000084300000, 0x00000000d5580000)
  object space 68608K, 64% used [0x0000000080000000,0x0000000082ae5d60,0x0000000084300000)
 Metaspace       used 66374K, committed 67648K, reserved 1114112K
  class space    used 8249K, committed 8768K, reserved 1048576K
}
Event: 99.419 GC heap before
{Heap before GC invocations=67 (full 3):
 PSYoungGen      total 22016K, used 22012K [0x00000000d5580000, 0x00000000d6e80000, 0x0000000100000000)
  eden space 20992K, 100% used [0x00000000d5580000,0x00000000d6a00000,0x00000000d6a00000)
  from space 1024K, 99% used [0x00000000d6c80000,0x00000000d6d7f350,0x00000000d6d80000)
  to   space 1024K, 0% used [0x00000000d6d80000,0x00000000d6d80000,0x00000000d6e80000)
 ParOldGen       total 68608K, used 43927K [0x0000000080000000, 0x0000000084300000, 0x00000000d5580000)
  object space 68608K, 64% used [0x0000000080000000,0x0000000082ae5d60,0x0000000084300000)
 Metaspace       used 66374K, committed 67648K, reserved 1114112K
  class space    used 8249K, committed 8768K, reserved 1048576K
}
Event: 99.421 GC heap after
{Heap after GC invocations=67 (full 3):
 PSYoungGen      total 21504K, used 266K [0x00000000d5580000, 0x00000000d6e00000, 0x0000000100000000)
  eden space 20992K, 0% used [0x00000000d5580000,0x00000000d5580000,0x00000000d6a00000)
  from space 512K, 52% used [0x00000000d6d80000,0x00000000d6dc2970,0x00000000d6e00000)
  to   space 1024K, 0% used [0x00000000d6c00000,0x00000000d6c00000,0x00000000d6d00000)
 ParOldGen       total 68608K, used 44764K [0x0000000080000000, 0x0000000084300000, 0x00000000d5580000)
  object space 68608K, 65% used [0x0000000080000000,0x0000000082bb7270,0x0000000084300000)
 Metaspace       used 66374K, committed 67648K, reserved 1114112K
  class space    used 8249K, committed 8768K, reserved 1048576K
}
Event: 99.536 GC heap before
{Heap before GC invocations=68 (full 3):
 PSYoungGen      total 21504K, used 21258K [0x00000000d5580000, 0x00000000d6e00000, 0x0000000100000000)
  eden space 20992K, 100% used [0x00000000d5580000,0x00000000d6a00000,0x00000000d6a00000)
  from space 512K, 52% used [0x00000000d6d80000,0x00000000d6dc2970,0x00000000d6e00000)
  to   space 1024K, 0% used [0x00000000d6c00000,0x00000000d6c00000,0x00000000d6d00000)
 ParOldGen       total 68608K, used 44764K [0x0000000080000000, 0x0000000084300000, 0x00000000d5580000)
  object space 68608K, 65% used [0x0000000080000000,0x0000000082bb7270,0x0000000084300000)
 Metaspace       used 66374K, committed 67648K, reserved 1114112K
  class space    used 8249K, committed 8768K, reserved 1048576K
}
Event: 99.537 GC heap after
{Heap after GC invocations=68 (full 3):
 PSYoungGen      total 22016K, used 408K [0x00000000d5580000, 0x00000000d6e00000, 0x0000000100000000)
  eden space 20992K, 0% used [0x00000000d5580000,0x00000000d5580000,0x00000000d6a00000)
  from space 1024K, 39% used [0x00000000d6c00000,0x00000000d6c66170,0x00000000d6d00000)
  to   space 512K, 0% used [0x00000000d6d80000,0x00000000d6d80000,0x00000000d6e00000)
 ParOldGen       total 68608K, used 44856K [0x0000000080000000, 0x0000000084300000, 0x00000000d5580000)
  object space 68608K, 65% used [0x0000000080000000,0x0000000082bce340,0x0000000084300000)
 Metaspace       used 66374K, committed 67648K, reserved 1114112K
  class space    used 8249K, committed 8768K, reserved 1048576K
}
Event: 99.662 GC heap before
{Heap before GC invocations=69 (full 3):
 PSYoungGen      total 22016K, used 21400K [0x00000000d5580000, 0x00000000d6e00000, 0x0000000100000000)
  eden space 20992K, 100% used [0x00000000d5580000,0x00000000d6a00000,0x00000000d6a00000)
  from space 1024K, 39% used [0x00000000d6c00000,0x00000000d6c66170,0x00000000d6d00000)
  to   space 512K, 0% used [0x00000000d6d80000,0x00000000d6d80000,0x00000000d6e00000)
 ParOldGen       total 68608K, used 44856K [0x0000000080000000, 0x0000000084300000, 0x00000000d5580000)
  object space 68608K, 65% used [0x0000000080000000,0x0000000082bce340,0x0000000084300000)
 Metaspace       used 66374K, committed 67648K, reserved 1114112K
  class space    used 8249K, committed 8768K, reserved 1048576K
}
Event: 99.663 GC heap after
{Heap after GC invocations=69 (full 3):
 PSYoungGen      total 21504K, used 486K [0x00000000d5580000, 0x00000000d6e00000, 0x0000000100000000)
  eden space 20992K, 0% used [0x00000000d5580000,0x00000000d5580000,0x00000000d6a00000)
  from space 512K, 95% used [0x00000000d6d80000,0x00000000d6df9b70,0x00000000d6e00000)
  to   space 1024K, 0% used [0x00000000d6c00000,0x00000000d6c00000,0x00000000d6d00000)
 ParOldGen       total 68608K, used 45131K [0x0000000080000000, 0x0000000084300000, 0x00000000d5580000)
  object space 68608K, 65% used [0x0000000080000000,0x0000000082c12d50,0x0000000084300000)
 Metaspace       used 66374K, committed 67648K, reserved 1114112K
  class space    used 8249K, committed 8768K, reserved 1048576K
}
Event: 99.770 GC heap before
{Heap before GC invocations=70 (full 3):
 PSYoungGen      total 21504K, used 21478K [0x00000000d5580000, 0x00000000d6e00000, 0x0000000100000000)
  eden space 20992K, 100% used [0x00000000d5580000,0x00000000d6a00000,0x00000000d6a00000)
  from space 512K, 95% used [0x00000000d6d80000,0x00000000d6df9b70,0x00000000d6e00000)
  to   space 1024K, 0% used [0x00000000d6c00000,0x00000000d6c00000,0x00000000d6d00000)
 ParOldGen       total 68608K, used 45131K [0x0000000080000000, 0x0000000084300000, 0x00000000d5580000)
  object space 68608K, 65% used [0x0000000080000000,0x0000000082c12d50,0x0000000084300000)
 Metaspace       used 66374K, committed 67648K, reserved 1114112K
  class space    used 8249K, committed 8768K, reserved 1048576K
}
Event: 99.771 GC heap after
{Heap after GC invocations=70 (full 3):
 PSYoungGen      total 22016K, used 1023K [0x00000000d5580000, 0x00000000d6e00000, 0x0000000100000000)
  eden space 20992K, 0% used [0x00000000d5580000,0x00000000d5580000,0x00000000d6a00000)
  from space 1024K, 99% used [0x00000000d6c00000,0x00000000d6cffcf8,0x00000000d6d00000)
  to   space 1024K, 0% used [0x00000000d6d00000,0x00000000d6d00000,0x00000000d6e00000)
 ParOldGen       total 68608K, used 45155K [0x0000000080000000, 0x0000000084300000, 0x00000000d5580000)
  object space 68608K, 65% used [0x0000000080000000,0x0000000082c18d50,0x0000000084300000)
 Metaspace       used 66374K, committed 67648K, reserved 1114112K
  class space    used 8249K, committed 8768K, reserved 1048576K
}
Event: 99.899 GC heap before
{Heap before GC invocations=71 (full 3):
 PSYoungGen      total 22016K, used 22015K [0x00000000d5580000, 0x00000000d6e00000, 0x0000000100000000)
  eden space 20992K, 100% used [0x00000000d5580000,0x00000000d6a00000,0x00000000d6a00000)
  from space 1024K, 99% used [0x00000000d6c00000,0x00000000d6cffcf8,0x00000000d6d00000)
  to   space 1024K, 0% used [0x00000000d6d00000,0x00000000d6d00000,0x00000000d6e00000)
 ParOldGen       total 68608K, used 45155K [0x0000000080000000, 0x0000000084300000, 0x00000000d5580000)
  object space 68608K, 65% used [0x0000000080000000,0x0000000082c18d50,0x0000000084300000)
 Metaspace       used 66374K, committed 67648K, reserved 1114112K
  class space    used 8249K, committed 8768K, reserved 1048576K
}
Event: 99.900 GC heap after
{Heap after GC invocations=71 (full 3):
 PSYoungGen      total 22016K, used 1010K [0x00000000d5580000, 0x00000000d6e00000, 0x0000000100000000)
  eden space 20992K, 0% used [0x00000000d5580000,0x00000000d5580000,0x00000000d6a00000)
  from space 1024K, 98% used [0x00000000d6d00000,0x00000000d6dfc9c0,0x00000000d6e00000)
  to   space 1536K, 0% used [0x00000000d6b00000,0x00000000d6b00000,0x00000000d6c80000)
 ParOldGen       total 68608K, used 45211K [0x0000000080000000, 0x0000000084300000, 0x00000000d5580000)
  object space 68608K, 65% used [0x0000000080000000,0x0000000082c26d50,0x0000000084300000)
 Metaspace       used 66374K, committed 67648K, reserved 1114112K
  class space    used 8249K, committed 8768K, reserved 1048576K
}
Event: 100.141 GC heap before
{Heap before GC invocations=72 (full 3):
 PSYoungGen      total 22016K, used 22002K [0x00000000d5580000, 0x00000000d6e00000, 0x0000000100000000)
  eden space 20992K, 100% used [0x00000000d5580000,0x00000000d6a00000,0x00000000d6a00000)
  from space 1024K, 98% used [0x00000000d6d00000,0x00000000d6dfc9c0,0x00000000d6e00000)
  to   space 1536K, 0% used [0x00000000d6b00000,0x00000000d6b00000,0x00000000d6c80000)
 ParOldGen       total 68608K, used 45211K [0x0000000080000000, 0x0000000084300000, 0x00000000d5580000)
  object space 68608K, 65% used [0x0000000080000000,0x0000000082c26d50,0x0000000084300000)
 Metaspace       used 67816K, committed 69184K, reserved 1114112K
  class space    used 8461K, committed 9088K, reserved 1048576K
}
Event: 100.143 GC heap after
{Heap after GC invocations=72 (full 3):
 PSYoungGen      total 22528K, used 752K [0x00000000d5580000, 0x00000000d6d80000, 0x0000000100000000)
  eden space 20992K, 0% used [0x00000000d5580000,0x00000000d5580000,0x00000000d6a00000)
  from space 1536K, 48% used [0x00000000d6b00000,0x00000000d6bbc010,0x00000000d6c80000)
  to   space 1024K, 0% used [0x00000000d6c80000,0x00000000d6c80000,0x00000000d6d80000)
 ParOldGen       total 68608K, used 45243K [0x0000000080000000, 0x0000000084300000, 0x00000000d5580000)
  object space 68608K, 65% used [0x0000000080000000,0x0000000082c2efb0,0x0000000084300000)
 Metaspace       used 67816K, committed 69184K, reserved 1114112K
  class space    used 8461K, committed 9088K, reserved 1048576K
}
Event: 109.173 GC heap before
{Heap before GC invocations=73 (full 3):
 PSYoungGen      total 22528K, used 21744K [0x00000000d5580000, 0x00000000d6d80000, 0x0000000100000000)
  eden space 20992K, 100% used [0x00000000d5580000,0x00000000d6a00000,0x00000000d6a00000)
  from space 1536K, 48% used [0x00000000d6b00000,0x00000000d6bbc010,0x00000000d6c80000)
  to   space 1024K, 0% used [0x00000000d6c80000,0x00000000d6c80000,0x00000000d6d80000)
 ParOldGen       total 68608K, used 45243K [0x0000000080000000, 0x0000000084300000, 0x00000000d5580000)
  object space 68608K, 65% used [0x0000000080000000,0x0000000082c2efb0,0x0000000084300000)
 Metaspace       used 69942K, committed 71360K, reserved 1114112K
  class space    used 8760K, committed 9408K, reserved 1048576K
}
Event: 109.176 GC heap after
{Heap after GC invocations=73 (full 3):
 PSYoungGen      total 22016K, used 752K [0x00000000d5580000, 0x00000000d6d80000, 0x0000000100000000)
  eden space 20992K, 0% used [0x00000000d5580000,0x00000000d5580000,0x00000000d6a00000)
  from space 1024K, 73% used [0x00000000d6c80000,0x00000000d6d3c020,0x00000000d6d80000)
  to   space 1024K, 0% used [0x00000000d6b80000,0x00000000d6b80000,0x00000000d6c80000)
 ParOldGen       total 68608K, used 45763K [0x0000000080000000, 0x0000000084300000, 0x00000000d5580000)
  object space 68608K, 66% used [0x0000000080000000,0x0000000082cb0fd0,0x0000000084300000)
 Metaspace       used 69942K, committed 71360K, reserved 1114112K
  class space    used 8760K, committed 9408K, reserved 1048576K
}
Event: 185.849 GC heap before
{Heap before GC invocations=74 (full 3):
 PSYoungGen      total 22016K, used 21744K [0x00000000d5580000, 0x00000000d6d80000, 0x0000000100000000)
  eden space 20992K, 100% used [0x00000000d5580000,0x00000000d6a00000,0x00000000d6a00000)
  from space 1024K, 73% used [0x00000000d6c80000,0x00000000d6d3c020,0x00000000d6d80000)
  to   space 1024K, 0% used [0x00000000d6b80000,0x00000000d6b80000,0x00000000d6c80000)
 ParOldGen       total 68608K, used 45763K [0x0000000080000000, 0x0000000084300000, 0x00000000d5580000)
  object space 68608K, 66% used [0x0000000080000000,0x0000000082cb0fd0,0x0000000084300000)
 Metaspace       used 70300K, committed 71744K, reserved 1114112K
  class space    used 8769K, committed 9408K, reserved 1048576K
}
Event: 185.852 GC heap after
{Heap after GC invocations=74 (full 3):
 PSYoungGen      total 22016K, used 352K [0x00000000d5580000, 0x00000000d6d00000, 0x0000000100000000)
  eden space 20992K, 0% used [0x00000000d5580000,0x00000000d5580000,0x00000000d6a00000)
  from space 1024K, 34% used [0x00000000d6b80000,0x00000000d6bd8000,0x00000000d6c80000)
  to   space 512K, 0% used [0x00000000d6c80000,0x00000000d6c80000,0x00000000d6d00000)
 ParOldGen       total 68608K, used 46310K [0x0000000080000000, 0x0000000084300000, 0x00000000d5580000)
  object space 68608K, 67% used [0x0000000080000000,0x0000000082d39b90,0x0000000084300000)
 Metaspace       used 70300K, committed 71744K, reserved 1114112K
  class space    used 8769K, committed 9408K, reserved 1048576K
}
Event: 192.512 GC heap before
{Heap before GC invocations=75 (full 3):
 PSYoungGen      total 22016K, used 21344K [0x00000000d5580000, 0x00000000d6d00000, 0x0000000100000000)
  eden space 20992K, 100% used [0x00000000d5580000,0x00000000d6a00000,0x00000000d6a00000)
  from space 1024K, 34% used [0x00000000d6b80000,0x00000000d6bd8000,0x00000000d6c80000)
  to   space 512K, 0% used [0x00000000d6c80000,0x00000000d6c80000,0x00000000d6d00000)
 ParOldGen       total 68608K, used 46310K [0x0000000080000000, 0x0000000084300000, 0x00000000d5580000)
  object space 68608K, 67% used [0x0000000080000000,0x0000000082d39b90,0x0000000084300000)
 Metaspace       used 70320K, committed 71744K, reserved 1114112K
  class space    used 8769K, committed 9408K, reserved 1048576K
}
Event: 192.513 GC heap after
{Heap after GC invocations=75 (full 3):
 PSYoungGen      total 21504K, used 288K [0x00000000d5580000, 0x00000000d6d00000, 0x0000000100000000)
  eden space 20992K, 0% used [0x00000000d5580000,0x00000000d5580000,0x00000000d6a00000)
  from space 512K, 56% used [0x00000000d6c80000,0x00000000d6cc8000,0x00000000d6d00000)
  to   space 512K, 0% used [0x00000000d6c00000,0x00000000d6c00000,0x00000000d6c80000)
 ParOldGen       total 68608K, used 46430K [0x0000000080000000, 0x0000000084300000, 0x00000000d5580000)
  object space 68608K, 67% used [0x0000000080000000,0x0000000082d57b90,0x0000000084300000)
 Metaspace       used 70320K, committed 71744K, reserved 1114112K
  class space    used 8769K, committed 9408K, reserved 1048576K
}

